<?xml version="1.0" encoding="UTF-8"?>
<testng-results total="4" passed="4" failed="0" skipped="0">
  <reporter-output>
  </reporter-output>
  <suite started-at="2019-11-20T11:25:47Z" name="com.google.qa.testcases.SearchPageTest" finished-at="2019-11-20T11:26:56Z" duration-ms="69301">
    <groups>
    </groups>
    <test started-at="2019-11-20T11:25:47Z" name="Command line test" finished-at="2019-11-20T11:26:56Z" duration-ms="69301">
      <class name="com.google.qa.testcases.SearchPageTest">
        <test-method is-config="true" signature="setUp()[pri:0, instance:com.google.qa.testcases.SearchPageTest@587d1d39]" started-at="2019-11-20T16:55:47Z" name="setUp" finished-at="2019-11-20T16:55:59Z" duration-ms="12277" status="PASS">
          <reporter-output>
          </reporter-output>
        </test-method> <!-- setUp -->
        <test-method signature="validateHomePageTitleTest()[pri:0, instance:com.google.qa.testcases.SearchPageTest@587d1d39]" started-at="2019-11-20T16:55:59Z" name="validateHomePageTitleTest" finished-at="2019-11-20T16:55:59Z" duration-ms="11" status="PASS">
          <reporter-output>
          </reporter-output>
        </test-method> <!-- validateHomePageTitleTest -->
        <test-method is-config="true" signature="tearDown()[pri:0, instance:com.google.qa.testcases.SearchPageTest@587d1d39]" started-at="2019-11-20T16:55:59Z" name="tearDown" finished-at="2019-11-20T16:56:00Z" duration-ms="757" status="PASS">
          <reporter-output>
          </reporter-output>
        </test-method> <!-- tearDown -->
        <test-method is-config="true" signature="setUp()[pri:0, instance:com.google.qa.testcases.SearchPageTest@587d1d39]" started-at="2019-11-20T16:56:01Z" name="setUp" finished-at="2019-11-20T16:56:14Z" duration-ms="13761" status="PASS">
          <reporter-output>
          </reporter-output>
        </test-method> <!-- setUp -->
        <test-method signature="firstPageTest(java.lang.String)[pri:0, instance:com.google.qa.testcases.SearchPageTest@587d1d39]" started-at="2019-11-20T16:56:14Z" name="firstPageTest" data-provider="getgoogleTestData" finished-at="2019-11-20T16:56:18Z" duration-ms="3869" status="PASS">
          <params>
            <param index="0">
              <value>
                <![CDATA[Mahesh]]>
              </value>
            </param>
          </params>
          <reporter-output>
          </reporter-output>
        </test-method> <!-- firstPageTest -->
        <test-method is-config="true" signature="tearDown()[pri:0, instance:com.google.qa.testcases.SearchPageTest@587d1d39]" started-at="2019-11-20T16:56:18Z" name="tearDown" finished-at="2019-11-20T16:56:19Z" duration-ms="879" status="PASS">
          <reporter-output>
          </reporter-output>
        </test-method> <!-- tearDown -->
        <test-method is-config="true" signature="setUp()[pri:0, instance:com.google.qa.testcases.SearchPageTest@587d1d39]" started-at="2019-11-20T16:56:19Z" name="setUp" finished-at="2019-11-20T16:56:32Z" duration-ms="13329" status="PASS">
          <reporter-output>
          </reporter-output>
        </test-method> <!-- setUp -->
        <test-method signature="firstPageTest(java.lang.String)[pri:0, instance:com.google.qa.testcases.SearchPageTest@587d1d39]" started-at="2019-11-20T16:56:32Z" name="firstPageTest" data-provider="getgoogleTestData" finished-at="2019-11-20T16:56:37Z" duration-ms="4136" status="PASS">
          <params>
            <param index="0">
              <value>
                <![CDATA[Ganesh]]>
              </value>
            </param>
          </params>
          <reporter-output>
          </reporter-output>
        </test-method> <!-- firstPageTest -->
        <test-method is-config="true" signature="tearDown()[pri:0, instance:com.google.qa.testcases.SearchPageTest@587d1d39]" started-at="2019-11-20T16:56:37Z" name="tearDown" finished-at="2019-11-20T16:56:38Z" duration-ms="905" status="PASS">
          <reporter-output>
          </reporter-output>
        </test-method> <!-- tearDown -->
        <test-method is-config="true" signature="setUp()[pri:0, instance:com.google.qa.testcases.SearchPageTest@587d1d39]" started-at="2019-11-20T16:56:38Z" name="setUp" finished-at="2019-11-20T16:56:51Z" duration-ms="13288" status="PASS">
          <reporter-output>
          </reporter-output>
        </test-method> <!-- setUp -->
        <test-method signature="firstPageTest(java.lang.String)[pri:0, instance:com.google.qa.testcases.SearchPageTest@587d1d39]" started-at="2019-11-20T16:56:51Z" name="firstPageTest" data-provider="getgoogleTestData" finished-at="2019-11-20T16:56:55Z" duration-ms="4340" status="PASS">
          <params>
            <param index="0">
              <value>
                <![CDATA[Cheese]]>
              </value>
            </param>
          </params>
          <reporter-output>
          </reporter-output>
        </test-method> <!-- firstPageTest -->
        <test-method is-config="true" signature="tearDown()[pri:0, instance:com.google.qa.testcases.SearchPageTest@587d1d39]" started-at="2019-11-20T16:56:55Z" name="tearDown" finished-at="2019-11-20T16:56:56Z" duration-ms="985" status="PASS">
          <reporter-output>
          </reporter-output>
        </test-method> <!-- tearDown -->
      </class> <!-- com.google.qa.testcases.SearchPageTest -->
    </test> <!-- Command line test -->
  </suite> <!-- com.google.qa.testcases.SearchPageTest -->
</testng-results>
