<?xml version="1.0" encoding="UTF-8"?>
<testng-results total="4" passed="4" failed="0" skipped="0">
  <reporter-output>
  </reporter-output>
  <suite started-at="2019-11-22T12:00:55Z" name="com.google.qa.testcases.SearchPageTest" finished-at="2019-11-22T12:02:27Z" duration-ms="92118">
    <groups>
    </groups>
    <test started-at="2019-11-22T12:00:55Z" name="Command line test" finished-at="2019-11-22T12:02:27Z" duration-ms="92118">
      <class name="com.google.qa.testcases.SearchPageTest">
        <test-method is-config="true" signature="setUp()[pri:0, instance:com.google.qa.testcases.SearchPageTest@587d1d39]" started-at="2019-11-22T17:30:55Z" name="setUp" finished-at="2019-11-22T17:31:15Z" duration-ms="20017" status="PASS">
          <reporter-output>
          </reporter-output>
        </test-method> <!-- setUp -->
        <test-method signature="validateHomePageTitleTest()[pri:0, instance:com.google.qa.testcases.SearchPageTest@587d1d39]" started-at="2019-11-22T17:31:15Z" name="validateHomePageTitleTest" finished-at="2019-11-22T17:31:15Z" duration-ms="20" status="PASS">
          <reporter-output>
          </reporter-output>
        </test-method> <!-- validateHomePageTitleTest -->
        <test-method is-config="true" signature="tearDown()[pri:0, instance:com.google.qa.testcases.SearchPageTest@587d1d39]" started-at="2019-11-22T17:31:15Z" name="tearDown" finished-at="2019-11-22T17:31:16Z" duration-ms="898" status="PASS">
          <reporter-output>
          </reporter-output>
        </test-method> <!-- tearDown -->
        <test-method is-config="true" signature="setUp()[pri:0, instance:com.google.qa.testcases.SearchPageTest@587d1d39]" started-at="2019-11-22T17:31:16Z" name="setUp" finished-at="2019-11-22T17:31:35Z" duration-ms="18154" status="PASS">
          <reporter-output>
          </reporter-output>
        </test-method> <!-- setUp -->
        <test-method signature="firstPageTest(java.lang.String)[pri:0, instance:com.google.qa.testcases.SearchPageTest@587d1d39]" started-at="2019-11-22T17:31:35Z" name="firstPageTest" data-provider="getgoogleTestData" finished-at="2019-11-22T17:31:39Z" duration-ms="4283" status="PASS">
          <params>
            <param index="0">
              <value>
                <![CDATA[Mahesh]]>
              </value>
            </param>
          </params>
          <reporter-output>
          </reporter-output>
        </test-method> <!-- firstPageTest -->
        <test-method is-config="true" signature="tearDown()[pri:0, instance:com.google.qa.testcases.SearchPageTest@587d1d39]" started-at="2019-11-22T17:31:39Z" name="tearDown" finished-at="2019-11-22T17:31:40Z" duration-ms="1189" status="PASS">
          <reporter-output>
          </reporter-output>
        </test-method> <!-- tearDown -->
        <test-method is-config="true" signature="setUp()[pri:0, instance:com.google.qa.testcases.SearchPageTest@587d1d39]" started-at="2019-11-22T17:31:40Z" name="setUp" finished-at="2019-11-22T17:31:59Z" duration-ms="18727" status="PASS">
          <reporter-output>
          </reporter-output>
        </test-method> <!-- setUp -->
        <test-method signature="firstPageTest(java.lang.String)[pri:0, instance:com.google.qa.testcases.SearchPageTest@587d1d39]" started-at="2019-11-22T17:31:59Z" name="firstPageTest" data-provider="getgoogleTestData" finished-at="2019-11-22T17:32:03Z" duration-ms="4127" status="PASS">
          <params>
            <param index="0">
              <value>
                <![CDATA[Ganesh]]>
              </value>
            </param>
          </params>
          <reporter-output>
          </reporter-output>
        </test-method> <!-- firstPageTest -->
        <test-method is-config="true" signature="tearDown()[pri:0, instance:com.google.qa.testcases.SearchPageTest@587d1d39]" started-at="2019-11-22T17:32:03Z" name="tearDown" finished-at="2019-11-22T17:32:04Z" duration-ms="965" status="PASS">
          <reporter-output>
          </reporter-output>
        </test-method> <!-- tearDown -->
        <test-method is-config="true" signature="setUp()[pri:0, instance:com.google.qa.testcases.SearchPageTest@587d1d39]" started-at="2019-11-22T17:32:04Z" name="setUp" finished-at="2019-11-22T17:32:22Z" duration-ms="17821" status="PASS">
          <reporter-output>
          </reporter-output>
        </test-method> <!-- setUp -->
        <test-method signature="firstPageTest(java.lang.String)[pri:0, instance:com.google.qa.testcases.SearchPageTest@587d1d39]" started-at="2019-11-22T17:32:22Z" name="firstPageTest" data-provider="getgoogleTestData" finished-at="2019-11-22T17:32:26Z" duration-ms="3927" status="PASS">
          <params>
            <param index="0">
              <value>
                <![CDATA[Cheese]]>
              </value>
            </param>
          </params>
          <reporter-output>
          </reporter-output>
        </test-method> <!-- firstPageTest -->
        <test-method is-config="true" signature="tearDown()[pri:0, instance:com.google.qa.testcases.SearchPageTest@587d1d39]" started-at="2019-11-22T17:32:26Z" name="tearDown" finished-at="2019-11-22T17:32:27Z" duration-ms="1107" status="PASS">
          <reporter-output>
          </reporter-output>
        </test-method> <!-- tearDown -->
      </class> <!-- com.google.qa.testcases.SearchPageTest -->
    </test> <!-- Command line test -->
  </suite> <!-- com.google.qa.testcases.SearchPageTest -->
</testng-results>
