<?xml version="1.0" encoding="UTF-8"?>
<testng-results total="0" passed="0" failed="0" skipped="0">
  <reporter-output>
  </reporter-output>
  <suite started-at="2019-11-20T10:30:12Z" name="Page Object Model Test Automation Test Suite" finished-at="2019-11-20T10:30:12Z" duration-ms="8">
    <groups>
    </groups>
    <test started-at="2019-11-20T10:30:12Z" name="Google App Test Cases" finished-at="2019-11-20T10:30:12Z" duration-ms="8">
    </test> <!-- Google App Test Cases -->
  </suite> <!-- Page Object Model Test Automation Test Suite -->
</testng-results>
