<?xml version="1.0" encoding="UTF-8"?>
<!-- Generated by org.testng.reporters.JUnitXMLReporter -->
<testsuite hostname="LP-5CD7521F3F" failures="0" tests="4" name="Command line test" time="69.301" errors="0" timestamp="20 Nov 2019 11:26:56 GMT">
  <testcase classname="com.google.qa.testcases.SearchPageTest" name="validateHomePageTitleTest" time="0.011"/>
  <testcase classname="com.google.qa.testcases.SearchPageTest" name="firstPageTest" time="3.869"/>
  <testcase classname="com.google.qa.testcases.SearchPageTest" name="firstPageTest" time="4.136"/>
  <testcase classname="com.google.qa.testcases.SearchPageTest" name="firstPageTest" time="4.34"/>
</testsuite> <!-- Command line test -->
