<?xml version="1.0" encoding="UTF-8"?>
<!-- Generated by org.testng.reporters.JUnitXMLReporter -->
<testsuite hostname="LP-5CD7521F3F" failures="0" tests="4" name="Command line test" time="92.118" errors="0" timestamp="22 Nov 2019 12:02:27 GMT">
  <testcase classname="com.google.qa.testcases.SearchPageTest" name="validateHomePageTitleTest" time="0.02"/>
  <testcase classname="com.google.qa.testcases.SearchPageTest" name="firstPageTest" time="4.283"/>
  <testcase classname="com.google.qa.testcases.SearchPageTest" name="firstPageTest" time="4.127"/>
  <testcase classname="com.google.qa.testcases.SearchPageTest" name="firstPageTest" time="3.927"/>
</testsuite> <!-- Command line test -->
